Added Component: Designator=*(KAILH_LOW_PROFILE)
Add component. Clean all parameters for all variants
Added Component: Designator=*(JST_SE5PIN)
Add component. Clean all parameters for all variants
Added Component: Designator=*(KAILH_LOW_PROFILE)
Add component. Clean all parameters for all variants
Added Component: Designator=1(teensy_3.6)
Add component. Clean all parameters for all variants
Added Component: Designator=10u(C_SMD_0805_pcb)
Add component. Clean all parameters for all variants
Add component (AddParameter): Name = "Supplier 1"; Value = ""; VariantName = "[No Variations]"
Add component (AddParameter): Name = "Supplier Part Number 1"; Value = ""; VariantName = "[No Variations]"
Add component (AddParameter): Name = "Value"; Value = ""; VariantName = "[No Variations]"
Added Component: Designator=10u(C_SMD_0805_pcb)
Add component. Clean all parameters for all variants
Add component (AddParameter): Name = "Supplier 1"; Value = ""; VariantName = "[No Variations]"
Add component (AddParameter): Name = "Supplier Part Number 1"; Value = ""; VariantName = "[No Variations]"
Add component (AddParameter): Name = "Value"; Value = ""; VariantName = "[No Variations]"
Added Component: Designator=C1(C_SMD_0805_pcb)
Add component. Clean all parameters for all variants
Add component (AddParameter): Name = "Supplier 1"; Value = ""; VariantName = "[No Variations]"
Add component (AddParameter): Name = "Supplier Part Number 1"; Value = ""; VariantName = "[No Variations]"
Add component (AddParameter): Name = "Value"; Value = "10u"; VariantName = "[No Variations]"
Added Component: Designator=C2(C_SMD_0805_pcb)
Add component. Clean all parameters for all variants
Add component (AddParameter): Name = "Supplier 1"; Value = ""; VariantName = "[No Variations]"
Add component (AddParameter): Name = "Supplier Part Number 1"; Value = ""; VariantName = "[No Variations]"
Add component (AddParameter): Name = "Value"; Value = "10u"; VariantName = "[No Variations]"
Added Component: Designator=C3(C_SMD_0805_pcb)
Add component. Clean all parameters for all variants
Add component (AddParameter): Name = "Supplier 1"; Value = ""; VariantName = "[No Variations]"
Add component (AddParameter): Name = "Supplier Part Number 1"; Value = ""; VariantName = "[No Variations]"
Add component (AddParameter): Name = "Value"; Value = "1u"; VariantName = "[No Variations]"
Added Component: Designator=C4(C_SMD_0805_pcb)
Add component. Clean all parameters for all variants
Add component (AddParameter): Name = "Supplier 1"; Value = ""; VariantName = "[No Variations]"
Add component (AddParameter): Name = "Supplier Part Number 1"; Value = ""; VariantName = "[No Variations]"
Add component (AddParameter): Name = "Value"; Value = "100nF"; VariantName = "[No Variations]"
Added Component: Designator=C5(C_SMD_0805_pcb)
Add component. Clean all parameters for all variants
Add component (AddParameter): Name = "Supplier 1"; Value = ""; VariantName = "[No Variations]"
Add component (AddParameter): Name = "Supplier Part Number 1"; Value = ""; VariantName = "[No Variations]"
Add component (AddParameter): Name = "Value"; Value = "100n"; VariantName = "[No Variations]"
Added Component: Designator=C7(C_SMD_0805_pcb)
Add component. Clean all parameters for all variants
Add component (AddParameter): Name = "Supplier 1"; Value = ""; VariantName = "[No Variations]"
Add component (AddParameter): Name = "Supplier Part Number 1"; Value = ""; VariantName = "[No Variations]"
Add component (AddParameter): Name = "Value"; Value = "100nF"; VariantName = "[No Variations]"
Added Component: Designator=CANC(PIN_HEADER_M_1x3)
Add component. Clean all parameters for all variants
Added Component: Designator=CANR(PIN_HEADER_M_1x3)
Add component. Clean all parameters for all variants
Added Component: Designator=Header 4(PIN_HEADER_M_1x4)
Add component. Clean all parameters for all variants
Added Component: Designator=L1(L_DR73_SMD)
Add component. Clean all parameters for all variants
Add component (AddParameter): Name = "Supplier 1"; Value = ""; VariantName = "[No Variations]"
Add component (AddParameter): Name = "Supplier Part Number 1"; Value = ""; VariantName = "[No Variations]"
Add component (AddParameter): Name = "Value"; Value = "22u"; VariantName = "[No Variations]"
Added Component: Designator=P1(PIN_HEADER_M_1x24)
Add component. Clean all parameters for all variants
Add component (AddParameter): Name = "Supplier 1"; Value = ""; VariantName = "[No Variations]"
Add component (AddParameter): Name = "Supplier Part Number 1"; Value = ""; VariantName = "[No Variations]"
Added Component: Designator=P2(PIN_HEADER_M_1x24)
Add component. Clean all parameters for all variants
Add component (AddParameter): Name = "Supplier 1"; Value = ""; VariantName = "[No Variations]"
Add component (AddParameter): Name = "Supplier Part Number 1"; Value = ""; VariantName = "[No Variations]"
Added Component: Designator=R1(R_SMD_0805_pcb)
Add component. Clean all parameters for all variants
Add component (AddParameter): Name = "Supplier 1"; Value = ""; VariantName = "[No Variations]"
Add component (AddParameter): Name = "Supplier Part Number 1"; Value = ""; VariantName = "[No Variations]"
Add component (AddParameter): Name = "Value"; Value = "52.3k"; VariantName = "[No Variations]"
Added Component: Designator=R2(R_SMD_0805_pcb)
Add component. Clean all parameters for all variants
Add component (AddParameter): Name = "Supplier 1"; Value = ""; VariantName = "[No Variations]"
Add component (AddParameter): Name = "Supplier Part Number 1"; Value = ""; VariantName = "[No Variations]"
Add component (AddParameter): Name = "Value"; Value = "10k"; VariantName = "[No Variations]"
Added Component: Designator=R4(R_SMD_0805_pcb)
Add component. Clean all parameters for all variants
Add component (AddParameter): Name = "Supplier 1"; Value = ""; VariantName = "[No Variations]"
Add component (AddParameter): Name = "Supplier Part Number 1"; Value = ""; VariantName = "[No Variations]"
Add component (AddParameter): Name = "Value"; Value = "60"; VariantName = "[No Variations]"
Added Component: Designator=R5(R_SMD_0805_pcb)
Add component. Clean all parameters for all variants
Add component (AddParameter): Name = "Supplier 1"; Value = ""; VariantName = "[No Variations]"
Add component (AddParameter): Name = "Supplier Part Number 1"; Value = ""; VariantName = "[No Variations]"
Add component (AddParameter): Name = "Value"; Value = "60"; VariantName = "[No Variations]"
Added Component: Designator=R6(R_SMD_0805_pcb)
Add component. Clean all parameters for all variants
Add component (AddParameter): Name = "Supplier 1"; Value = ""; VariantName = "[No Variations]"
Add component (AddParameter): Name = "Supplier Part Number 1"; Value = ""; VariantName = "[No Variations]"
Add component (AddParameter): Name = "Value"; Value = "22K"; VariantName = "[No Variations]"
Added Component: Designator=U1(SN65HVD231D_SMD)
Add component. Clean all parameters for all variants
Add component (AddParameter): Name = "Supplier 1"; Value = ""; VariantName = "[No Variations]"
Add component (AddParameter): Name = "Supplier Part Number 1"; Value = ""; VariantName = "[No Variations]"
Added Component: Designator=U2(MCP16311/2_MSOP)
Add component. Clean all parameters for all variants
Add component (AddParameter): Name = "Supplier 1"; Value = ""; VariantName = "[No Variations]"
Add component (AddParameter): Name = "Supplier Part Number 1"; Value = ""; VariantName = "[No Variations]"
Added Pin To Net: NetName=+3.3 Pin=*-1
Added Pin To Net: NetName=+3.3 Pin=*-1
Added Pin To Net: NetName=+3.3 Pin=*-3
Added Pin To Net: NetName=+3.3 Pin=P1-15
Added Pin To Net: NetName=+3.3 Pin=P2-22
Added Net: Name=+3.3
Added Pin To Net: NetName=+5 Pin=1-VIN
Added Pin To Net: NetName=+5 Pin=Header 4-4
Added Pin To Net: NetName=+5 Pin=P2-24
Added Net: Name=+5
Added Pin To Net: NetName=+12 Pin=10u-1
Added Pin To Net: NetName=+12 Pin=10u-1
Added Pin To Net: NetName=+12 Pin=C1-1
Added Pin To Net: NetName=+12 Pin=C2-1
Added Pin To Net: NetName=+12 Pin=L1-1
Added Pin To Net: NetName=+12 Pin=R1-2
Added Pin To Net: NetName=+12 Pin=U2-3
Added Pin To Net: NetName=+12 Pin=U2-4
Added Net: Name=+12
Added Pin To Net: NetName=3.3V Pin=C4-1
Added Pin To Net: NetName=3.3V Pin=U1-3
Added Net: Name=3.3V
Added Pin To Net: NetName=GND Pin=*-5
Added Pin To Net: NetName=GND Pin=1-AGND
Added Pin To Net: NetName=GND Pin=1-GND
Added Pin To Net: NetName=GND Pin=1-GND
Added Pin To Net: NetName=GND Pin=10u-2
Added Pin To Net: NetName=GND Pin=10u-2
Added Pin To Net: NetName=GND Pin=C1-2
Added Pin To Net: NetName=GND Pin=C2-2
Added Pin To Net: NetName=GND Pin=C3-2
Added Pin To Net: NetName=GND Pin=C4-2
Added Pin To Net: NetName=GND Pin=C7-2
Added Pin To Net: NetName=GND Pin=Header 4-1
Added Pin To Net: NetName=GND Pin=P1-1
Added Pin To Net: NetName=GND Pin=P2-10
Added Pin To Net: NetName=GND Pin=P2-23
Added Pin To Net: NetName=GND Pin=R2-1
Added Pin To Net: NetName=GND Pin=R6-1
Added Pin To Net: NetName=GND Pin=U1-2
Added Pin To Net: NetName=GND Pin=U2-5
Added Pin To Net: NetName=GND Pin=U2-8
Added Net: Name=GND
Added Pin To Net: NetName=Net1_0 Pin=1-0
Added Pin To Net: NetName=Net1_0 Pin=P1-2
Added Net: Name=Net1_0
Added Pin To Net: NetName=Net1_1 Pin=1-1
Added Pin To Net: NetName=Net1_1 Pin=P1-3
Added Net: Name=Net1_1
Added Pin To Net: NetName=Net1_2 Pin=1-2
Added Pin To Net: NetName=Net1_2 Pin=P1-4
Added Net: Name=Net1_2
Added Pin To Net: NetName=Net1_3 Pin=1-3
Added Pin To Net: NetName=Net1_3 Pin=P1-5
Added Pin To Net: NetName=Net1_3 Pin=U1-1
Added Net: Name=Net1_3
Added Pin To Net: NetName=Net1_4 Pin=1-4
Added Pin To Net: NetName=Net1_4 Pin=P1-6
Added Net: Name=Net1_4
Added Pin To Net: NetName=Net1_5 Pin=1-5
Added Pin To Net: NetName=Net1_5 Pin=P1-7
Added Net: Name=Net1_5
Added Pin To Net: NetName=Net1_6 Pin=1-6
Added Pin To Net: NetName=Net1_6 Pin=P1-8
Added Net: Name=Net1_6
Added Pin To Net: NetName=Net1_7 Pin=1-7
Added Pin To Net: NetName=Net1_7 Pin=P1-9
Added Net: Name=Net1_7
Added Pin To Net: NetName=Net1_8 Pin=1-8
Added Pin To Net: NetName=Net1_8 Pin=P1-10
Added Net: Name=Net1_8
Added Pin To Net: NetName=Net1_9 Pin=1-9
Added Pin To Net: NetName=Net1_9 Pin=P1-11
Added Net: Name=Net1_9
Added Pin To Net: NetName=Net1_10 Pin=1-10
Added Pin To Net: NetName=Net1_10 Pin=P1-12
Added Net: Name=Net1_10
Added Pin To Net: NetName=Net1_11 Pin=1-11
Added Pin To Net: NetName=Net1_11 Pin=P1-13
Added Net: Name=Net1_11
Added Pin To Net: NetName=Net1_12 Pin=1-12
Added Pin To Net: NetName=Net1_12 Pin=P1-14
Added Net: Name=Net1_12
Added Pin To Net: NetName=Net1_13 Pin=1-13
Added Pin To Net: NetName=Net1_13 Pin=P2-11
Added Net: Name=Net1_13
Added Pin To Net: NetName=Net1_14 Pin=1-14
Added Pin To Net: NetName=Net1_14 Pin=P2-12
Added Net: Name=Net1_14
Added Pin To Net: NetName=Net1_15 Pin=1-15
Added Pin To Net: NetName=Net1_15 Pin=P2-13
Added Net: Name=Net1_15
Added Pin To Net: NetName=Net1_16 Pin=1-16
Added Pin To Net: NetName=Net1_16 Pin=P2-14
Added Net: Name=Net1_16
Added Pin To Net: NetName=Net1_17 Pin=1-17
Added Pin To Net: NetName=Net1_17 Pin=P2-15
Added Net: Name=Net1_17
Added Pin To Net: NetName=Net1_18 Pin=1-18
Added Pin To Net: NetName=Net1_18 Pin=P2-16
Added Net: Name=Net1_18
Added Pin To Net: NetName=Net1_19 Pin=1-19
Added Pin To Net: NetName=Net1_19 Pin=P2-17
Added Net: Name=Net1_19
Added Pin To Net: NetName=Net1_20 Pin=1-20
Added Pin To Net: NetName=Net1_20 Pin=P2-18
Added Net: Name=Net1_20
Added Pin To Net: NetName=Net1_21 Pin=1-21
Added Net: Name=Net1_21
Added Pin To Net: NetName=Net1_22 Pin=1-22
Added Pin To Net: NetName=Net1_22 Pin=P2-20
Added Net: Name=Net1_22
Added Pin To Net: NetName=Net1_23 Pin=1-23
Added Pin To Net: NetName=Net1_23 Pin=P2-21
Added Net: Name=Net1_23
Added Pin To Net: NetName=Net1_24 Pin=1-24
Added Pin To Net: NetName=Net1_24 Pin=P1-16
Added Net: Name=Net1_24
Added Pin To Net: NetName=Net1_25 Pin=1-25
Added Pin To Net: NetName=Net1_25 Pin=P1-17
Added Net: Name=Net1_25
Added Pin To Net: NetName=Net1_26 Pin=1-26
Added Pin To Net: NetName=Net1_26 Pin=P1-18
Added Net: Name=Net1_26
Added Pin To Net: NetName=Net1_27 Pin=1-27
Added Pin To Net: NetName=Net1_27 Pin=P1-19
Added Net: Name=Net1_27
Added Pin To Net: NetName=Net1_28 Pin=1-28
Added Pin To Net: NetName=Net1_28 Pin=P1-20
Added Net: Name=Net1_28
Added Pin To Net: NetName=Net1_29 Pin=1-29
Added Pin To Net: NetName=Net1_29 Pin=P1-21
Added Net: Name=Net1_29
Added Pin To Net: NetName=Net1_30 Pin=1-30
Added Pin To Net: NetName=Net1_30 Pin=P1-22
Added Net: Name=Net1_30
Added Pin To Net: NetName=Net1_31 Pin=1-31
Added Pin To Net: NetName=Net1_31 Pin=P1-23
Added Net: Name=Net1_31
Added Pin To Net: NetName=Net1_32 Pin=1-32
Added Pin To Net: NetName=Net1_32 Pin=P1-24
Added Net: Name=Net1_32
Added Pin To Net: NetName=Net1_33 Pin=1-33
Added Pin To Net: NetName=Net1_33 Pin=P2-1
Added Net: Name=Net1_33
Added Pin To Net: NetName=Net1_34 Pin=1-34
Added Pin To Net: NetName=Net1_34 Pin=P2-2
Added Net: Name=Net1_34
Added Pin To Net: NetName=Net1_35 Pin=1-35
Added Pin To Net: NetName=Net1_35 Pin=P2-3
Added Net: Name=Net1_35
Added Pin To Net: NetName=Net1_36 Pin=1-36
Added Pin To Net: NetName=Net1_36 Pin=P2-4
Added Net: Name=Net1_36
Added Pin To Net: NetName=Net1_37 Pin=1-37
Added Pin To Net: NetName=Net1_37 Pin=P2-5
Added Net: Name=Net1_37
Added Pin To Net: NetName=Net1_38 Pin=1-38
Added Pin To Net: NetName=Net1_38 Pin=P2-6
Added Net: Name=Net1_38
Added Pin To Net: NetName=Net1_39 Pin=1-39
Added Pin To Net: NetName=Net1_39 Pin=P2-7
Added Net: Name=Net1_39
Added Pin To Net: NetName=Net1_A21 Pin=1-A21
Added Pin To Net: NetName=Net1_A21 Pin=P2-8
Added Net: Name=Net1_A21
Added Pin To Net: NetName=Net1_A22 Pin=1-A22
Added Pin To Net: NetName=Net1_A22 Pin=P2-9
Added Net: Name=Net1_A22
Added Pin To Net: NetName=Net*_0 Pin=*-0
Added Pin To Net: NetName=Net*_0 Pin=*-2
Added Net: Name=Net*_0
Added Pin To Net: NetName=NetC3_1 Pin=C3-1
Added Pin To Net: NetName=NetC3_1 Pin=U2-2
Added Net: Name=NetC3_1
Added Pin To Net: NetName=NetC5_1 Pin=C5-1
Added Pin To Net: NetName=NetC5_1 Pin=L1-2
Added Pin To Net: NetName=NetC5_1 Pin=U2-6
Added Net: Name=NetC5_1
Added Pin To Net: NetName=NetC5_2 Pin=C5-2
Added Pin To Net: NetName=NetC5_2 Pin=U2-7
Added Net: Name=NetC5_2
Added Pin To Net: NetName=NetC7_1 Pin=C7-1
Added Pin To Net: NetName=NetC7_1 Pin=CANR-2
Added Net: Name=NetC7_1
Added Pin To Net: NetName=NetCANC_1 Pin=CANC-1
Added Pin To Net: NetName=NetCANC_1 Pin=Header 4-3
Added Pin To Net: NetName=NetCANC_1 Pin=U1-7
Added Net: Name=NetCANC_1
Added Pin To Net: NetName=NetCANC_2 Pin=CANC-2
Added Pin To Net: NetName=NetCANC_2 Pin=R4-2
Added Net: Name=NetCANC_2
Added Pin To Net: NetName=NetCANR_1 Pin=CANR-1
Added Pin To Net: NetName=NetCANR_1 Pin=R4-1
Added Pin To Net: NetName=NetCANR_1 Pin=R5-2
Added Net: Name=NetCANR_1
Added Pin To Net: NetName=NetHeader 4_2 Pin=Header 4-2
Added Pin To Net: NetName=NetHeader 4_2 Pin=R5-1
Added Pin To Net: NetName=NetHeader 4_2 Pin=U1-6
Added Net: Name=NetHeader 4_2
Added Pin To Net: NetName=NetP2_19 Pin=P2-19
Added Net: Name=NetP2_19
Added Pin To Net: NetName=NetR1_1 Pin=R1-1
Added Pin To Net: NetName=NetR1_1 Pin=R2-2
Added Pin To Net: NetName=NetR1_1 Pin=U2-1
Added Net: Name=NetR1_1
Added Pin To Net: NetName=NetR6_2 Pin=R6-2
Added Pin To Net: NetName=NetR6_2 Pin=U1-8
Added Net: Name=NetR6_2
Added Pin To Net: NetName=NetU1_4 Pin=U1-4
Added Net: Name=NetU1_4
Added Class: Name=Side PCB
Added Class: Name=Steering wheel 2020
Added Room: Name=Side PCB
Added Room: Name=Steering wheel 2020
