Added Component: Designator=*(KAILH_LOW_PROFILE)
Add component. Clean all parameters for all variants
Added Component: Designator=*(KAILH_LOW_PROFILE)
Add component. Clean all parameters for all variants
Added Component: Designator=R9(R_SMD_0805_pcb)
Add component. Clean all parameters for all variants
Add component (AddParameter): Name = "Supplier 1"; Value = ""; VariantName = "[No Variations]"
Add component (AddParameter): Name = "Supplier Part Number 1"; Value = ""; VariantName = "[No Variations]"
Add component (AddParameter): Name = "Value"; Value = ""; VariantName = "[No Variations]"
Added Pin To Net: NetName=Net*_0 Pin=*-0
Added Pin To Net: NetName=+3.3 Pin=*-1
Added Pin To Net: NetName=+3.3 Pin=*-1
Added Pin To Net: NetName=Net1_36 Pin=R1-1
Added Pin To Net: NetName=Net1_34 Pin=R2-1
Added Pin To Net: NetName=Net1_31 Pin=R7-1
Added Member To Class: ClassName=Side PCB Member=Component * KAILH_LOW_PROFILE
Added Member To Class: ClassName=Side PCB Member=Component * KAILH_LOW_PROFILE
Added Member To Class: ClassName=Side PCB Member=Component * JST_SE5PIN
Added Member To Class: ClassName=Steering wheel 2020 Member=Component R9 SMD
Added Room: Name=Side PCB
