Added Component: Designator=*(KAILH_LOW_PROFILE)
Add component. Clean all parameters for all variants
Added Component: Designator=*(KAILH_LOW_PROFILE)
Add component. Clean all parameters for all variants
Added Component: Designator=3.3v(PIN_HEADER_M_2x3)
Add component. Clean all parameters for all variants
Add component (AddParameter): Name = "Supplier 1"; Value = ""; VariantName = "[No Variations]"
Add component (AddParameter): Name = "Supplier Part Number 1"; Value = ""; VariantName = "[No Variations]"
Added Component: Designator=P4(JST_SE_5PIN)
Add component. Clean all parameters for all variants
Add component (AddParameter): Name = "Supplier 1"; Value = ""; VariantName = "[No Variations]"
Add component (AddParameter): Name = "Supplier Part Number 1"; Value = ""; VariantName = "[No Variations]"
Added Pin To Net: NetName=Net*_0 Pin=*-0
Added Pin To Net: NetName=+3.3 Pin=*-1
Added Pin To Net: NetName=+3.3 Pin=*-1
Added Pin To Net: NetName=+3.3 Pin=3.3v-1
Added Pin To Net: NetName=+3.3 Pin=3.3v-2
Added Pin To Net: NetName=+3.3 Pin=3.3v-3
Added Pin To Net: NetName=+3.3 Pin=3.3v-4
Added Pin To Net: NetName=+3.3 Pin=3.3v-5
Added Pin To Net: NetName=+3.3 Pin=3.3v-6
Added Pin To Net: NetName=Net*_0 Pin=P4-1
Added Pin To Net: NetName=+3.3 Pin=P4-3
Added Pin To Net: NetName=GND Pin=P4-5
Added Member To Class: ClassName=Side PCB Member=Component * KAILH_LOW_PROFILE
Added Member To Class: ClassName=Side PCB Member=Component * KAILH_LOW_PROFILE
Added Member To Class: ClassName=Steering wheel 2020 Member=Component 3.3v M_2x3
Added Member To Class: ClassName=Side PCB Member=Component P4 JST_SE_5PIN
Added Room: Name=Side PCB
