Removed Pin From Net: NetName=+3.3 Pin=1-34
Removed Pin From Net: NetName=+3.3 Pin=P1-15
Removed Pin From Net: NetName=+3.3 Pin=P2-2
Removed Pin From Net: NetName=+3.3 Pin=P2-22
Removed Pin From Net: NetName=+3.3 Pin=P3-2
Removed Pin From Net: NetName=+3.3 Pin=P3-3
Removed Pin From Net: NetName=+3.3 Pin=P5-3
Added Component: Designator=*(KAILH_LOW_PROFILE)
Add component. Clean all parameters for all variants
Added Component: Designator=*(KAILH_LOW_PROFILE)
Add component. Clean all parameters for all variants
Added Pin To Net: NetName=Net*_0 Pin=*-0
Change Net Name : Old Net Name=+3.3 New Net Name=Net1_36
Added Pin To Net: NetName=+3.3 Pin=*-1
Added Pin To Net: NetName=+3.3 Pin=*-1
Added Pin To Net: NetName=+3.3 Pin=P1-15
Added Pin To Net: NetName=+3.3 Pin=P2-22
Added Pin To Net: NetName=+3.3 Pin=P3-3
Added Pin To Net: NetName=+3.3 Pin=P5-3
Added Net: Name=+3.3
Added Pin To Net: NetName=Net1_34 Pin=1-34
Added Pin To Net: NetName=Net1_34 Pin=P2-2
Added Pin To Net: NetName=Net1_34 Pin=P3-2
Added Net: Name=Net1_34
Added Member To Class: ClassName=Side PCB Member=Component * KAILH_LOW_PROFILE
Added Member To Class: ClassName=Side PCB Member=Component * JST_SE5PIN
Added Member To Class: ClassName=Side PCB Member=Component * KAILH_LOW_PROFILE
Added Room: Name=Side PCB
