Removed Pin From Net: NetName=GND Pin=C1-2
Removed Pin From Net: NetName=GND Pin=C2-2
Removed Pin From Net: NetName=GND Pin=C3-2
Removed Pin From Net: NetName=GND Pin=C6-2
Removed Pin From Net: NetName=GND Pin=C8-2
Removed Pin From Net: NetName=GND Pin=R2-1
Removed Pin From Net: NetName=GND Pin=U2-5
Removed Pin From Net: NetName=GND Pin=U2-8
Removed Member From Class: ClassName=Steering wheel 2020 Member=C1
Removed Member From Class: ClassName=Steering wheel 2020 Member=C2
Removed Member From Class: ClassName=Steering wheel 2020 Member=C3
Removed Member From Class: ClassName=Steering wheel 2020 Member=C6
Removed Member From Class: ClassName=Steering wheel 2020 Member=C8
Removed Member From Class: ClassName=Steering wheel 2020 Member=L1
Removed Member From Class: ClassName=Steering wheel 2020 Member=R1
Removed Member From Class: ClassName=Steering wheel 2020 Member=R2
Removed Member From Class: ClassName=Steering wheel 2020 Member=U2
Added Component: Designator=*(JST_SE5PIN)
Add component. Clean all parameters for all variants
Added Component: Designator=*(KAILH_LOW_PROFILE)
Add component. Clean all parameters for all variants
Added Component: Designator=*(KAILH_LOW_PROFILE)
Add component. Clean all parameters for all variants
Added Pin To Net: NetName=Net*_0 Pin=*-0
Added Pin To Net: NetName=+3.3 Pin=*-1
Added Pin To Net: NetName=+3.3 Pin=*-1
Added Pin To Net: NetName=Net*_0 Pin=*-2
Added Pin To Net: NetName=+3.3 Pin=*-3
Added Pin To Net: NetName=GND Pin=*-5
Added Member To Class: ClassName=Side PCB Member=Component * JST_SE5PIN
Added Member To Class: ClassName=Side PCB Member=Component * KAILH_LOW_PROFILE
Added Member To Class: ClassName=Side PCB Member=Component * KAILH_LOW_PROFILE
Added Member To Class: ClassName=Steering wheel 2020 Member=Component C4 SMD
Added Room: Name=Side PCB
