Added Component: Designator=P?(PIN_HEADER_M_1x3)
Add component. Clean all parameters for all variants
Add component (AddParameter): Name = "Supplier 1"; Value = ""; VariantName = "[No Variations]"
Add component (AddParameter): Name = "Supplier Part Number 1"; Value = ""; VariantName = "[No Variations]"
Added Component: Designator=U?(IL_710-2E_DIP8)
Add component. Clean all parameters for all variants
Add component (AddParameter): Name = "Supplier 1"; Value = ""; VariantName = "[No Variations]"
Add component (AddParameter): Name = "Supplier Part Number 1"; Value = ""; VariantName = "[No Variations]"
Added Pin To Net: NetName=3V3 Pin=U?-1
Added Pin To Net: NetName=Net3_32 Pin=U?-2
Added Pin To Net: NetName=GND Pin=U?-4
Added Pin To Net: NetName=NetP?_1 Pin=P?-1
Added Pin To Net: NetName=NetP?_1 Pin=U?-8
Added Net: Name=NetP?_1
Added Pin To Net: NetName=NetP?_2 Pin=P?-2
Added Pin To Net: NetName=NetP?_2 Pin=U?-6
Added Net: Name=NetP?_2
Added Pin To Net: NetName=NetP?_3 Pin=P?-3
Added Pin To Net: NetName=NetP?_3 Pin=U?-5
Added Net: Name=NetP?_3
Added Member To Class: ClassName=BackPCB Member=Component C1 SMD
Added Member To Class: ClassName=BackPCB Member=Component P? 1x3_M
Added Member To Class: ClassName=BackPCB Member=Component U? IL_710-2E_DIGITAL_ISOLATOR
