Added Component: Designator=3(teensy_3.6)
Add component. Clean all parameters for all variants
Added Component: Designator=BackLights(JST_SE_2PIN)
Add component. Clean all parameters for all variants
Add component (AddParameter): Name = "Supplier 1"; Value = ""; VariantName = "[No Variations]"
Add component (AddParameter): Name = "Supplier Part Number 1"; Value = ""; VariantName = "[No Variations]"
Added Component: Designator=C1(C_SMD_0805_pcb)
Add component. Clean all parameters for all variants
Add component (AddParameter): Name = "Supplier 1"; Value = ""; VariantName = "[No Variations]"
Add component (AddParameter): Name = "Supplier Part Number 1"; Value = ""; VariantName = "[No Variations]"
Add component (AddParameter): Name = "Value"; Value = "100nF"; VariantName = "[No Variations]"
Added Component: Designator=C1(C_SMD_0805_pcb)
Add component. Clean all parameters for all variants
Add component (AddParameter): Name = "Supplier 1"; Value = ""; VariantName = "[No Variations]"
Add component (AddParameter): Name = "Supplier Part Number 1"; Value = ""; VariantName = "[No Variations]"
Add component (AddParameter): Name = "Value"; Value = "100n"; VariantName = "[No Variations]"
Added Component: Designator=C2(C_SMD_0805_pcb)
Add component. Clean all parameters for all variants
Add component (AddParameter): Name = "Supplier 1"; Value = ""; VariantName = "[No Variations]"
Add component (AddParameter): Name = "Supplier Part Number 1"; Value = ""; VariantName = "[No Variations]"
Add component (AddParameter): Name = "Value"; Value = "100nF"; VariantName = "[No Variations]"
Added Component: Designator=CANC1(PIN_HEADER_M_1x3)
Add component. Clean all parameters for all variants
Added Component: Designator=CANR1(PIN_HEADER_M_1x3)
Add component. Clean all parameters for all variants
Added Component: Designator=P1(PIN_HEADER_M_1x3)
Add component. Clean all parameters for all variants
Add component (AddParameter): Name = "Supplier 1"; Value = ""; VariantName = "[No Variations]"
Add component (AddParameter): Name = "Supplier Part Number 1"; Value = ""; VariantName = "[No Variations]"
Added Component: Designator=R1(R_SMD_0805_pcb)
Add component. Clean all parameters for all variants
Add component (AddParameter): Name = "Supplier 1"; Value = ""; VariantName = "[No Variations]"
Add component (AddParameter): Name = "Supplier Part Number 1"; Value = ""; VariantName = "[No Variations]"
Add component (AddParameter): Name = "Value"; Value = "60"; VariantName = "[No Variations]"
Added Component: Designator=R2(R_SMD_0805_pcb)
Add component. Clean all parameters for all variants
Add component (AddParameter): Name = "Supplier 1"; Value = ""; VariantName = "[No Variations]"
Add component (AddParameter): Name = "Supplier Part Number 1"; Value = ""; VariantName = "[No Variations]"
Add component (AddParameter): Name = "Value"; Value = "60"; VariantName = "[No Variations]"
Added Component: Designator=R3(R_SMD_0805_pcb)
Add component. Clean all parameters for all variants
Add component (AddParameter): Name = "Supplier 1"; Value = ""; VariantName = "[No Variations]"
Add component (AddParameter): Name = "Supplier Part Number 1"; Value = ""; VariantName = "[No Variations]"
Add component (AddParameter): Name = "Value"; Value = "22K"; VariantName = "[No Variations]"
Added Component: Designator=U1(SN65HVD231D_SMD)
Add component. Clean all parameters for all variants
Add component (AddParameter): Name = "Supplier 1"; Value = ""; VariantName = "[No Variations]"
Add component (AddParameter): Name = "Supplier Part Number 1"; Value = ""; VariantName = "[No Variations]"
Added Component: Designator=U2(IL_710-2E_DIP8)
Add component. Clean all parameters for all variants
Add component (AddParameter): Name = "Supplier 1"; Value = ""; VariantName = "[No Variations]"
Add component (AddParameter): Name = "Supplier Part Number 1"; Value = ""; VariantName = "[No Variations]"
Added Pin To Net: NetName=+3.3 Pin=C1-1
Added Pin To Net: NetName=+3.3 Pin=U1-3
Added Net: Name=+3.3
Added Pin To Net: NetName=+5 Pin=3-VIN
Added Net: Name=+5
Added Pin To Net: NetName=3V3 Pin=3-+3V3
Added Pin To Net: NetName=3V3 Pin=3-+3V3
Added Pin To Net: NetName=3V3 Pin=U2-1
Added Net: Name=3V3
Added Pin To Net: NetName=GND Pin=3-AGND
Added Pin To Net: NetName=GND Pin=3-GND
Added Pin To Net: NetName=GND Pin=3-GND
Added Pin To Net: NetName=GND Pin=BackLights-2
Added Pin To Net: NetName=GND Pin=C1-2
Added Pin To Net: NetName=GND Pin=C1-2
Added Pin To Net: NetName=GND Pin=C2-2
Added Pin To Net: NetName=GND Pin=R3-1
Added Pin To Net: NetName=GND Pin=U1-2
Added Pin To Net: NetName=GND Pin=U2-4
Added Net: Name=GND
Added Pin To Net: NetName=Net3_0 Pin=3-0
Added Pin To Net: NetName=Net3_0 Pin=3-1
Added Pin To Net: NetName=Net3_0 Pin=3-2
Added Pin To Net: NetName=Net3_0 Pin=3-5
Added Pin To Net: NetName=Net3_0 Pin=3-6
Added Pin To Net: NetName=Net3_0 Pin=3-7
Added Pin To Net: NetName=Net3_0 Pin=3-8
Added Pin To Net: NetName=Net3_0 Pin=3-9
Added Pin To Net: NetName=Net3_0 Pin=3-10
Added Pin To Net: NetName=Net3_0 Pin=3-11
Added Pin To Net: NetName=Net3_0 Pin=3-12
Added Pin To Net: NetName=Net3_0 Pin=3-13
Added Pin To Net: NetName=Net3_0 Pin=3-14
Added Pin To Net: NetName=Net3_0 Pin=3-15
Added Pin To Net: NetName=Net3_0 Pin=3-16
Added Pin To Net: NetName=Net3_0 Pin=3-17
Added Pin To Net: NetName=Net3_0 Pin=3-18
Added Pin To Net: NetName=Net3_0 Pin=3-20
Added Pin To Net: NetName=Net3_0 Pin=3-21
Added Pin To Net: NetName=Net3_0 Pin=3-22
Added Pin To Net: NetName=Net3_0 Pin=3-23
Added Pin To Net: NetName=Net3_0 Pin=3-24
Added Pin To Net: NetName=Net3_0 Pin=3-25
Added Pin To Net: NetName=Net3_0 Pin=3-26
Added Pin To Net: NetName=Net3_0 Pin=3-27
Added Pin To Net: NetName=Net3_0 Pin=3-28
Added Pin To Net: NetName=Net3_0 Pin=3-29
Added Pin To Net: NetName=Net3_0 Pin=3-30
Added Pin To Net: NetName=Net3_0 Pin=3-31
Added Pin To Net: NetName=Net3_0 Pin=3-33
Added Pin To Net: NetName=Net3_0 Pin=3-34
Added Pin To Net: NetName=Net3_0 Pin=3-35
Added Pin To Net: NetName=Net3_0 Pin=3-36
Added Pin To Net: NetName=Net3_0 Pin=3-37
Added Pin To Net: NetName=Net3_0 Pin=3-38
Added Pin To Net: NetName=Net3_0 Pin=3-39
Added Pin To Net: NetName=Net3_0 Pin=3-A21
Added Pin To Net: NetName=Net3_0 Pin=3-A22
Added Net: Name=Net3_0
Added Pin To Net: NetName=Net3_3 Pin=3-3
Added Pin To Net: NetName=Net3_3 Pin=U1-1
Added Net: Name=Net3_3
Added Pin To Net: NetName=Net3_4 Pin=3-4
Added Net: Name=Net3_4
Added Pin To Net: NetName=Net3_19 Pin=3-19
Added Pin To Net: NetName=Net3_19 Pin=U2-2
Added Net: Name=Net3_19
Added Pin To Net: NetName=Net3_32 Pin=3-32
Added Pin To Net: NetName=Net3_32 Pin=BackLights-1
Added Pin To Net: NetName=Net3_32 Pin=C1-1
Added Net: Name=Net3_32
Added Pin To Net: NetName=NetC2_1 Pin=C2-1
Added Pin To Net: NetName=NetC2_1 Pin=CANR1-2
Added Net: Name=NetC2_1
Added Pin To Net: NetName=NetCANC1_1 Pin=CANC1-1
Added Pin To Net: NetName=NetCANC1_1 Pin=U1-7
Added Net: Name=NetCANC1_1
Added Pin To Net: NetName=NetCANC1_2 Pin=CANC1-2
Added Pin To Net: NetName=NetCANC1_2 Pin=R2-2
Added Net: Name=NetCANC1_2
Added Pin To Net: NetName=NetCANR1_1 Pin=CANR1-1
Added Pin To Net: NetName=NetCANR1_1 Pin=R1-2
Added Pin To Net: NetName=NetCANR1_1 Pin=R2-1
Added Net: Name=NetCANR1_1
Added Pin To Net: NetName=NetP1_1 Pin=P1-1
Added Pin To Net: NetName=NetP1_1 Pin=U2-8
Added Net: Name=NetP1_1
Added Pin To Net: NetName=NetP1_2 Pin=P1-2
Added Pin To Net: NetName=NetP1_2 Pin=U2-6
Added Net: Name=NetP1_2
Added Pin To Net: NetName=NetP1_3 Pin=P1-3
Added Pin To Net: NetName=NetP1_3 Pin=U2-5
Added Net: Name=NetP1_3
Added Pin To Net: NetName=NetR1_1 Pin=R1-1
Added Pin To Net: NetName=NetR1_1 Pin=U1-6
Added Net: Name=NetR1_1
Added Pin To Net: NetName=NetR3_2 Pin=R3-2
Added Pin To Net: NetName=NetR3_2 Pin=U1-8
Added Net: Name=NetR3_2
Added Pin To Net: NetName=NetU1_4 Pin=U1-4
Added Net: Name=NetU1_4
Added Class: Name=BackPCB
Added Room: Name=BackPCB
