Removed Pin From Net: NetName=GND Pin=J1-3
Removed Pin From Net: NetName=+12 Pin=J1-4
Removed Pin From Net: NetName=GND Pin=J1-5
Removed Pin From Net: NetName=+12 Pin=J1-6
Removed Pin From Net: NetName=GND Pin=J2-3
Removed Pin From Net: NetName=+12 Pin=J2-4
Removed Pin From Net: NetName=GND Pin=J2-5
Removed Pin From Net: NetName=+12 Pin=J2-6
Removed Pin From Net: NetName=GND Pin=P1-1
Removed Pin From Net: NetName=GND Pin=U1-7
Added Component: Designator=P7(PIN_HEADER_M_1x3)
Add component. Clean all parameters for all variants
Add component (AddParameter): Name = "Supplier 1"; Value = ""; VariantName = "[No Variations]"
Add component (AddParameter): Name = "Supplier Part Number 1"; Value = ""; VariantName = "[No Variations]"
Added Component: Designator=P8(PIN_HEADER_M_1x3)
Add component. Clean all parameters for all variants
Add component (AddParameter): Name = "Supplier 1"; Value = ""; VariantName = "[No Variations]"
Add component (AddParameter): Name = "Supplier Part Number 1"; Value = ""; VariantName = "[No Variations]"
Added Pin To Net: NetName=NetP7_1 Pin=P7-1
Added Pin To Net: NetName=NetP7_2 Pin=P7-2
Added Pin To Net: NetName=NetP7_3 Pin=P7-3
Added Pin To Net: NetName=NetP8_1 Pin=P8-1
Added Pin To Net: NetName=NetP8_2 Pin=P8-2
Added Pin To Net: NetName=NetP8_3 Pin=P8-3
Change Net Name : Old Net Name=+12 New Net Name=NetJ1_2
Added Pin To Net: NetName=+12 Pin=J1-6
Added Pin To Net: NetName=+12 Pin=J2-6
Added Net: Name=+12
Added Pin To Net: NetName=NetJ1_3 Pin=J1-3
Added Pin To Net: NetName=NetJ1_3 Pin=J2-3
Added Pin To Net: NetName=NetJ1_3 Pin=P1-1
Added Pin To Net: NetName=NetJ1_3 Pin=U1-7
Added Net: Name=NetJ1_3
Added Pin To Net: NetName=NetJ1_4 Pin=J1-4
Added Pin To Net: NetName=NetJ1_4 Pin=J2-4
Added Net: Name=NetJ1_4
Added Pin To Net: NetName=NetJ1_5 Pin=J1-5
Added Pin To Net: NetName=NetJ1_5 Pin=J2-5
Added Net: Name=NetJ1_5
Added Member To Class: ClassName=Dashboard Member=Component P7 1x3_M
Added Member To Class: ClassName=Dashboard Member=Component P8 1x3_M
