Replace Symbol from 3 teensy_3.6 in C:\Users\Magnus\Documents\Fuel_Fighter_Driver_Interface\Dash_2019\Dashboard.SchDoc with teensy_3.6 from FF_component_lib.SchLib
Replace Symbol from C1 C_SMD_0805 in C:\Users\Magnus\Documents\Fuel_Fighter_Driver_Interface\Dash_2019\Dashboard.SchDoc with C_SMD_0805 from FF_component_lib.SchLib
Replace Symbol from C2 C_SMD_0805 in C:\Users\Magnus\Documents\Fuel_Fighter_Driver_Interface\Dash_2019\Dashboard.SchDoc with C_SMD_0805 from FF_component_lib.SchLib
Replace Symbol from C3 C_SMD_0805 in C:\Users\Magnus\Documents\Fuel_Fighter_Driver_Interface\Dash_2019\Dashboard.SchDoc with C_SMD_0805 from FF_component_lib.SchLib
Replace Symbol from HazardLights JST_SE_2PIN in C:\Users\Magnus\Documents\Fuel_Fighter_Driver_Interface\Dash_2019\Dashboard.SchDoc with JST_SE_2PIN from FF_component_lib.SchLib
Replace Symbol from J1 RJ11_Connector in C:\Users\Magnus\Documents\Fuel_Fighter_Driver_Interface\Dash_2019\Dashboard.SchDoc with RJ11_Connector from FF_component_lib.SchLib
Replace Symbol from J2 RJ11_Connector in C:\Users\Magnus\Documents\Fuel_Fighter_Driver_Interface\Dash_2019\Dashboard.SchDoc with RJ11_Connector from FF_component_lib.SchLib
Replace Symbol from P1 Header 3 in C:\Users\Magnus\Documents\Fuel_Fighter_Driver_Interface\Dash_2019\Dashboard.SchDoc with Header 3 from Miscellaneous Connectors.IntLib
Replace Symbol from P2 Header 24 in C:\Users\Magnus\Documents\Fuel_Fighter_Driver_Interface\Dash_2019\Dashboard.SchDoc with Header 24 from Miscellaneous Connectors.IntLib
Replace Symbol from P3 Header 24 in C:\Users\Magnus\Documents\Fuel_Fighter_Driver_Interface\Dash_2019\Dashboard.SchDoc with Header 24 from Miscellaneous Connectors.IntLib
Replace Symbol from P4 JST_SE_5PIN in C:\Users\Magnus\Documents\Fuel_Fighter_Driver_Interface\Dash_2019\Dashboard.SchDoc with JST_SE_5PIN from FF_component_lib.SchLib
Replace Symbol from P6 Header 3X2 in C:\Users\Magnus\Documents\Fuel_Fighter_Driver_Interface\Dash_2019\Dashboard.SchDoc with Header 3X2 from Miscellaneous Connectors.IntLib
Replace Symbol from P7 PIN_HEADER_M_1x3 in C:\Users\Magnus\Documents\Fuel_Fighter_Driver_Interface\Dash_2019\Dashboard.SchDoc with PIN_HEADER_M_1x3 from FF_component_lib.SchLib
Replace Symbol from P8 PIN_HEADER_M_1x3 in C:\Users\Magnus\Documents\Fuel_Fighter_Driver_Interface\Dash_2019\Dashboard.SchDoc with PIN_HEADER_M_1x3 from FF_component_lib.SchLib
Replace Symbol from P9 JST_SE_2PIN in C:\Users\Magnus\Documents\Fuel_Fighter_Driver_Interface\Dash_2019\Dashboard.SchDoc with JST_SE_2PIN from FF_component_lib.SchLib
Replace Symbol from P10 Header 3X2 in C:\Users\Magnus\Documents\Fuel_Fighter_Driver_Interface\Dash_2019\Dashboard.SchDoc with Header 3X2 from Miscellaneous Connectors.IntLib
Replace Symbol from P11 Header 3X2 in C:\Users\Magnus\Documents\Fuel_Fighter_Driver_Interface\Dash_2019\Dashboard.SchDoc with Header 3X2 from Miscellaneous Connectors.IntLib
Replace Symbol from R1 R_SMD_0805 in C:\Users\Magnus\Documents\Fuel_Fighter_Driver_Interface\Dash_2019\Dashboard.SchDoc with R_SMD_0805 from FF_component_lib.SchLib
Replace Symbol from R2 R_SMD_0805 in C:\Users\Magnus\Documents\Fuel_Fighter_Driver_Interface\Dash_2019\Dashboard.SchDoc with R_SMD_0805 from FF_component_lib.SchLib
Replace Symbol from Reset JST_SE_2PIN in C:\Users\Magnus\Documents\Fuel_Fighter_Driver_Interface\Dash_2019\Dashboard.SchDoc with JST_SE_2PIN from FF_component_lib.SchLib
Replace Symbol from S1 SWITCH_3WAY_TOGGLE in C:\Users\Magnus\Documents\Fuel_Fighter_Driver_Interface\Dash_2019\Dashboard.SchDoc with SWITCH_3WAY_TOGGLE from FF_component_lib.SchLib
Replace Symbol from U1 SN65HVD231D_SMD in C:\Users\Magnus\Documents\Fuel_Fighter_Driver_Interface\Dash_2019\Dashboard.SchDoc with SN65HVD231D_SMD from FF_component_lib.SchLib
Replace Symbol from U2 IL_710-2E_DIGITAL_ISOLATOR in C:\Users\Magnus\Documents\Fuel_Fighter_Driver_Interface\Dash_2019\Dashboard.SchDoc with IL_710-2E_DIGITAL_ISOLATOR from FF_component_lib.SchLib
Replace Symbol from U3 IL_710-2E_DIGITAL_ISOLATOR in C:\Users\Magnus\Documents\Fuel_Fighter_Driver_Interface\Dash_2019\Dashboard.SchDoc with IL_710-2E_DIGITAL_ISOLATOR from FF_component_lib.SchLib
Replace Symbol from Wiper JST_SE_2PIN in C:\Users\Magnus\Documents\Fuel_Fighter_Driver_Interface\Dash_2019\Dashboard.SchDoc with JST_SE_2PIN from FF_component_lib.SchLib
